<?xml version="1.0" encoding="UTF-8"?>
<testng-results skipped="0" failed="0" ignored="0" total="2" passed="2">
  <reporter-output>
  </reporter-output>
  <suite name="Default suite" duration-ms="21737" started-at="2019-07-04T02:14:50Z" finished-at="2019-07-04T02:15:11Z">
    <groups>
    </groups>
    <test name="Default test" duration-ms="21737" started-at="2019-07-04T02:14:50Z" finished-at="2019-07-04T02:15:11Z">
      <class name="org.jiahuan.Case.TestDemo">
        <test-method status="PASS" signature="testName()[pri:0, instance:org.jiahuan.Case.TestDemo@754ba872]" name="testName" duration-ms="21580" started-at="2019-07-04T02:14:50Z" finished-at="2019-07-04T02:15:11Z">
          <reporter-output>
          </reporter-output>
        </test-method> <!-- testName -->
        <test-method status="PASS" signature="testName()[pri:0, instance:org.jiahuan.Case.TestDemo@754ba872]" name="testName" duration-ms="21651" started-at="2019-07-04T02:14:50Z" finished-at="2019-07-04T02:15:11Z">
          <reporter-output>
          </reporter-output>
        </test-method> <!-- testName -->
        <test-method status="PASS" signature="end()[pri:0, instance:org.jiahuan.Case.TestDemo@754ba872]" name="end" is-config="true" duration-ms="1" started-at="2019-07-04T02:15:11Z" finished-at="2019-07-04T02:15:11Z">
          <reporter-output>
          </reporter-output>
        </test-method> <!-- end -->
        <test-method status="PASS" signature="end()[pri:0, instance:org.jiahuan.Case.TestDemo@754ba872]" name="end" is-config="true" duration-ms="1" started-at="2019-07-04T02:15:11Z" finished-at="2019-07-04T02:15:11Z">
          <reporter-output>
          </reporter-output>
        </test-method> <!-- end -->
      </class> <!-- org.jiahuan.Case.TestDemo -->
    </test> <!-- Default test -->
  </suite> <!-- Default suite -->
</testng-results>
