<?xml version="1.0" encoding="UTF-8"?>
<testng-results skipped="0" failed="0" ignored="0" total="1" passed="1">
  <reporter-output>
  </reporter-output>
  <suite name="Default suite" duration-ms="41116" started-at="2019-07-19T03:09:11Z" finished-at="2019-07-19T03:09:53Z">
    <groups>
    </groups>
    <test name="Default test" duration-ms="41116" started-at="2019-07-19T03:09:11Z" finished-at="2019-07-19T03:09:53Z">
      <class name="org.jiahuan.Case.HelloTest">
        <test-method status="PASS" signature="testName()[pri:0, instance:org.jiahuan.Case.HelloTest@5622fdf]" name="testName" duration-ms="41029" started-at="2019-07-19T03:09:12Z" finished-at="2019-07-19T03:09:53Z">
          <reporter-output>
          </reporter-output>
        </test-method> <!-- testName -->
      </class> <!-- org.jiahuan.Case.HelloTest -->
    </test> <!-- Default test -->
  </suite> <!-- Default suite -->
</testng-results>
