<?xml version="1.0" encoding="UTF-8"?>
<testng-results skipped="0" failed="0" ignored="0" total="4" passed="4">
  <reporter-output>
  </reporter-output>
  <suite name="Default suite" duration-ms="35395" started-at="2019-06-17T03:56:31Z" finished-at="2019-06-17T03:57:07Z">
    <groups>
    </groups>
    <test name="Default test" duration-ms="35395" started-at="2019-06-17T03:56:31Z" finished-at="2019-06-17T03:57:07Z">
      <class name="org.jiahuan.Case.TestDemo">
        <test-method status="PASS" signature="testName()[pri:0, instance:org.jiahuan.Case.TestDemo@754ba872]" name="testName" duration-ms="16273" started-at="2019-06-17T03:56:31Z" finished-at="2019-06-17T03:56:48Z">
          <reporter-output>
          </reporter-output>
        </test-method> <!-- testName -->
        <test-method status="PASS" signature="testName()[pri:0, instance:org.jiahuan.Case.TestDemo@754ba872]" name="testName" duration-ms="14478" started-at="2019-06-17T03:56:31Z" finished-at="2019-06-17T03:56:46Z">
          <reporter-output>
          </reporter-output>
        </test-method> <!-- testName -->
        <test-method status="PASS" signature="end()[pri:0, instance:org.jiahuan.Case.TestDemo@754ba872]" name="end" is-config="true" duration-ms="0" started-at="2019-06-17T03:56:46Z" finished-at="2019-06-17T03:56:46Z">
          <reporter-output>
          </reporter-output>
        </test-method> <!-- end -->
        <test-method status="PASS" signature="testName()[pri:0, instance:org.jiahuan.Case.TestDemo@754ba872]" name="testName" duration-ms="20830" started-at="2019-06-17T03:56:46Z" finished-at="2019-06-17T03:57:07Z">
          <reporter-output>
          </reporter-output>
        </test-method> <!-- testName -->
        <test-method status="PASS" signature="end()[pri:0, instance:org.jiahuan.Case.TestDemo@754ba872]" name="end" is-config="true" duration-ms="0" started-at="2019-06-17T03:56:48Z" finished-at="2019-06-17T03:56:48Z">
          <reporter-output>
          </reporter-output>
        </test-method> <!-- end -->
        <test-method status="PASS" signature="testName()[pri:0, instance:org.jiahuan.Case.TestDemo@754ba872]" name="testName" duration-ms="14627" started-at="2019-06-17T03:56:48Z" finished-at="2019-06-17T03:57:02Z">
          <reporter-output>
          </reporter-output>
        </test-method> <!-- testName -->
        <test-method status="PASS" signature="end()[pri:0, instance:org.jiahuan.Case.TestDemo@754ba872]" name="end" is-config="true" duration-ms="0" started-at="2019-06-17T03:57:02Z" finished-at="2019-06-17T03:57:02Z">
          <reporter-output>
          </reporter-output>
        </test-method> <!-- end -->
        <test-method status="PASS" signature="end()[pri:0, instance:org.jiahuan.Case.TestDemo@754ba872]" name="end" is-config="true" duration-ms="0" started-at="2019-06-17T03:57:07Z" finished-at="2019-06-17T03:57:07Z">
          <reporter-output>
          </reporter-output>
        </test-method> <!-- end -->
      </class> <!-- org.jiahuan.Case.TestDemo -->
    </test> <!-- Default test -->
  </suite> <!-- Default suite -->
</testng-results>
