<?xml version="1.0" encoding="UTF-8"?>
<testng-results skipped="0" failed="0" ignored="0" total="1" passed="1">
  <reporter-output>
  </reporter-output>
  <suite name="Default suite" duration-ms="21474" started-at="2019-07-18T08:09:06Z" finished-at="2019-07-18T08:09:28Z">
    <groups>
    </groups>
    <test name="Default test" duration-ms="21474" started-at="2019-07-18T08:09:06Z" finished-at="2019-07-18T08:09:28Z">
      <class name="org.jiahuan.Case.LoginTest">
        <test-method status="PASS" signature="testLogin()[pri:0, instance:org.jiahuan.Case.LoginTest@77cd7a0]" name="testLogin" duration-ms="21155" started-at="2019-07-18T08:09:06Z" description="登录" finished-at="2019-07-18T08:09:27Z">
          <reporter-output>
          </reporter-output>
        </test-method> <!-- testLogin -->
        <test-method status="PASS" signature="endMethod()[pri:0, instance:org.jiahuan.Case.LoginTest@77cd7a0]" name="endMethod" is-config="true" duration-ms="256" started-at="2019-07-18T08:09:27Z" finished-at="2019-07-18T08:09:28Z">
          <reporter-output>
          </reporter-output>
        </test-method> <!-- endMethod -->
      </class> <!-- org.jiahuan.Case.LoginTest -->
    </test> <!-- Default test -->
  </suite> <!-- Default suite -->
</testng-results>
